<?xml version="1.0" encoding="UTF-8"?>
<!-- Generated by org.testng.reporters.JUnitReportReporter -->
<testsuite hostname="DESKTOP-SCQDKL4" failures="0" tests="1" name="com.medimention.testCases.TC_001_RegistrationTest" time="15.541" errors="0" timestamp="2024-10-05T09:04:04 IST" skipped="0">
  <testcase classname="com.medimention.testCases.TC_001_RegistrationTest" name="account_register" time="15.541"/>
</testsuite> <!-- com.medimention.testCases.TC_001_RegistrationTest -->
